Start testing: May 16 23:04 EDT
----------------------------------------------------------
1/2 Testing: test_matrix
1/2 Test: test_matrix
Command: "/home/fr4nsyz/vault/L_CACHES/InferenceEngine/build/tests/test_matrix"
Directory: /home/fr4nsyz/vault/L_CACHES/InferenceEngine/build/tests
"test_matrix" start time: May 16 23:04 EDT
Output:
----------------------------------------------------------
Running main() from /home/fr4nsyz/vault/L_CACHES/InferenceEngine/build/_deps/googletest-src/googletest/src/gtest_main.cc
[==========] Running 12 tests from 1 test suite.
[----------] Global test environment set-up.
[----------] 12 tests from MatrixTest
[ RUN      ] MatrixTest.Construction
[       OK ] MatrixTest.Construction (0 ms)
[ RUN      ] MatrixTest.ElementAccessReadWrite
[       OK ] MatrixTest.ElementAccessReadWrite (0 ms)
[ RUN      ] MatrixTest.Addition
[       OK ] MatrixTest.Addition (0 ms)
[ RUN      ] MatrixTest.AdditionDimensionMismatch
[       OK ] MatrixTest.AdditionDimensionMismatch (0 ms)
[ RUN      ] MatrixTest.Multiplication
[       OK ] MatrixTest.Multiplication (0 ms)
[ RUN      ] MatrixTest.MultiplicationNonSquare
[       OK ] MatrixTest.MultiplicationNonSquare (0 ms)
[ RUN      ] MatrixTest.MultiplicationDimensionMismatch
[       OK ] MatrixTest.MultiplicationDimensionMismatch (0 ms)
[ RUN      ] MatrixTest.NonSquareElementAccess
[       OK ] MatrixTest.NonSquareElementAccess (0 ms)
[ RUN      ] MatrixTest.AdditionNonSquare
[       OK ] MatrixTest.AdditionNonSquare (0 ms)
[ RUN      ] MatrixTest.IdentityMultiplication
[       OK ] MatrixTest.IdentityMultiplication (0 ms)
[ RUN      ] MatrixTest.OneByOne
[       OK ] MatrixTest.OneByOne (0 ms)
[ RUN      ] MatrixTest.ConstElementAccess
[       OK ] MatrixTest.ConstElementAccess (0 ms)
[----------] 12 tests from MatrixTest (0 ms total)

[----------] Global test environment tear-down
[==========] 12 tests from 1 test suite ran. (0 ms total)
[  PASSED  ] 12 tests.
<end of output>
Test time =   0.00 sec
----------------------------------------------------------
Test Passed.
"test_matrix" end time: May 16 23:04 EDT
"test_matrix" time elapsed: 00:00:00
----------------------------------------------------------

2/2 Testing: test_linear
2/2 Test: test_linear
Command: "/home/fr4nsyz/vault/L_CACHES/InferenceEngine/build/tests/test_linear"
Directory: /home/fr4nsyz/vault/L_CACHES/InferenceEngine/build/tests
"test_linear" start time: May 16 23:04 EDT
Output:
----------------------------------------------------------
Running main() from /home/fr4nsyz/vault/L_CACHES/InferenceEngine/build/_deps/googletest-src/googletest/src/gtest_main.cc
[==========] Running 2 tests from 1 test suite.
[----------] Global test environment set-up.
[----------] 2 tests from LinearTest
[ RUN      ] LinearTest.ForwardShape
[       OK ] LinearTest.ForwardShape (0 ms)
[ RUN      ] LinearTest.ForwardValues
[       OK ] LinearTest.ForwardValues (0 ms)
[----------] 2 tests from LinearTest (0 ms total)

[----------] Global test environment tear-down
[==========] 2 tests from 1 test suite ran. (0 ms total)
[  PASSED  ] 2 tests.
<end of output>
Test time =   0.01 sec
----------------------------------------------------------
Test Passed.
"test_linear" end time: May 16 23:04 EDT
"test_linear" time elapsed: 00:00:00
----------------------------------------------------------

End testing: May 16 23:04 EDT
